<?xml version="1.0" encoding="UTF-8"?>
<testsuite xmlns:xsi="http://www.w3.org/2001/XMLSchema-instance" xsi:noNamespaceSchemaLocation="https://maven.apache.org/surefire/maven-surefire-plugin/xsd/surefire-test-report-3.0.xsd" version="3.0" name="modelo.TableroTest" time="0.201" tests="14" errors="0" skipped="0" failures="0">
  <properties>
    <property name="java.specification.version" value="22"/>
    <property name="sun.cpu.isalist" value="amd64"/>
    <property name="sun.jnu.encoding" value="Cp1252"/>
    <property name="java.class.path" value="C:\Users\bejar\Documents\NetBeansProjects\Ajedrez\target\test-classes;C:\Users\bejar\Documents\NetBeansProjects\Ajedrez\target\classes;C:\Users\bejar\.m2\repository\org\junit\jupiter\junit-jupiter-api\5.11.0\junit-jupiter-api-5.11.0.jar;C:\Users\bejar\.m2\repository\org\opentest4j\opentest4j\1.3.0\opentest4j-1.3.0.jar;C:\Users\bejar\.m2\repository\org\junit\platform\junit-platform-commons\1.11.0\junit-platform-commons-1.11.0.jar;C:\Users\bejar\.m2\repository\org\apiguardian\apiguardian-api\1.1.2\apiguardian-api-1.1.2.jar;C:\Users\bejar\.m2\repository\org\junit\jupiter\junit-jupiter-params\5.11.0\junit-jupiter-params-5.11.0.jar;C:\Users\bejar\.m2\repository\org\junit\jupiter\junit-jupiter-engine\5.11.0\junit-jupiter-engine-5.11.0.jar;C:\Users\bejar\.m2\repository\org\junit\platform\junit-platform-engine\1.11.0\junit-platform-engine-1.11.0.jar;"/>
    <property name="java.vm.vendor" value="Oracle Corporation"/>
    <property name="sun.arch.data.model" value="64"/>
    <property name="user.variant" value=""/>
    <property name="java.vendor.url" value="https://java.oracle.com/"/>
    <property name="user.timezone" value="America/Cancun"/>
    <property name="os.name" value="Windows 11"/>
    <property name="java.vm.specification.version" value="22"/>
    <property name="user.country" value="CO"/>
    <property name="sun.java.launcher" value="SUN_STANDARD"/>
    <property name="sun.boot.library.path" value="C:\Program Files\Java\jdk-22\bin"/>
    <property name="sun.java.command" value="C:\Users\bejar\AppData\Local\Temp\surefire14106783304367059585\surefirebooter-20240828212735736_3.jar C:\Users\bejar\AppData\Local\Temp\surefire14106783304367059585 2024-08-28T21-27-35_459-jvmRun1 surefire-20240828212735736_1tmp surefire_0-20240828212735736_2tmp"/>
    <property name="jdk.debug" value="release"/>
    <property name="surefire.test.class.path" value="C:\Users\bejar\Documents\NetBeansProjects\Ajedrez\target\test-classes;C:\Users\bejar\Documents\NetBeansProjects\Ajedrez\target\classes;C:\Users\bejar\.m2\repository\org\junit\jupiter\junit-jupiter-api\5.11.0\junit-jupiter-api-5.11.0.jar;C:\Users\bejar\.m2\repository\org\opentest4j\opentest4j\1.3.0\opentest4j-1.3.0.jar;C:\Users\bejar\.m2\repository\org\junit\platform\junit-platform-commons\1.11.0\junit-platform-commons-1.11.0.jar;C:\Users\bejar\.m2\repository\org\apiguardian\apiguardian-api\1.1.2\apiguardian-api-1.1.2.jar;C:\Users\bejar\.m2\repository\org\junit\jupiter\junit-jupiter-params\5.11.0\junit-jupiter-params-5.11.0.jar;C:\Users\bejar\.m2\repository\org\junit\jupiter\junit-jupiter-engine\5.11.0\junit-jupiter-engine-5.11.0.jar;C:\Users\bejar\.m2\repository\org\junit\platform\junit-platform-engine\1.11.0\junit-platform-engine-1.11.0.jar;"/>
    <property name="sun.cpu.endian" value="little"/>
    <property name="user.home" value="C:\Users\bejar"/>
    <property name="user.language" value="es"/>
    <property name="java.specification.vendor" value="Oracle Corporation"/>
    <property name="java.version.date" value="2024-04-16"/>
    <property name="java.home" value="C:\Program Files\Java\jdk-22"/>
    <property name="file.separator" value="\"/>
    <property name="basedir" value="C:\Users\bejar\Documents\NetBeansProjects\Ajedrez"/>
    <property name="java.vm.compressedOopsMode" value="32-bit"/>
    <property name="line.separator" value="&#10;"/>
    <property name="java.vm.specification.vendor" value="Oracle Corporation"/>
    <property name="java.specification.name" value="Java Platform API Specification"/>
    <property name="surefire.real.class.path" value="C:\Users\bejar\AppData\Local\Temp\surefire14106783304367059585\surefirebooter-20240828212735736_3.jar"/>
    <property name="user.script" value=""/>
    <property name="sun.management.compiler" value="HotSpot 64-Bit Tiered Compilers"/>
    <property name="java.runtime.version" value="22.0.1+8-16"/>
    <property name="user.name" value="bejar"/>
    <property name="stdout.encoding" value="Cp1252"/>
    <property name="path.separator" value=";"/>
    <property name="os.version" value="10.0"/>
    <property name="java.runtime.name" value="Java(TM) SE Runtime Environment"/>
    <property name="file.encoding" value="UTF-8"/>
    <property name="java.vm.name" value="Java HotSpot(TM) 64-Bit Server VM"/>
    <property name="maven.ext.class.path" value="C:\Program Files\NetBeans-22\netbeans\java\maven-nblib\netbeans-eventspy.jar"/>
    <property name="localRepository" value="C:\Users\bejar\.m2\repository"/>
    <property name="java.vendor.url.bug" value="https://bugreport.java.com/bugreport/"/>
    <property name="java.io.tmpdir" value="C:\Users\bejar\AppData\Local\Temp\"/>
    <property name="java.version" value="22.0.1"/>
    <property name="user.dir" value="C:\Users\bejar\Documents\NetBeansProjects\Ajedrez"/>
    <property name="os.arch" value="amd64"/>
    <property name="java.vm.specification.name" value="Java Virtual Machine Specification"/>
    <property name="sun.os.patch.level" value=""/>
    <property name="native.encoding" value="Cp1252"/>
    <property name="java.library.path" value="C:\Program Files\Java\jdk-22\bin;C:\WINDOWS\Sun\Java\bin;C:\WINDOWS\system32;C:\WINDOWS;C:\Program Files\Common Files\Oracle\Java\javapath;C:\WINDOWS\system32;C:\WINDOWS;C:\WINDOWS\System32\Wbem;C:\WINDOWS\System32\WindowsPowerShell\v1.0\;C:\WINDOWS\System32\OpenSSH\;C:\Program Files\dotnet\;C:\Users\bejar\AppData\Local\Microsoft\WindowsApps;C:\Users\bejar\.dotnet\tools;."/>
    <property name="java.vm.info" value="mixed mode, sharing"/>
    <property name="stderr.encoding" value="Cp1252"/>
    <property name="java.vendor" value="Oracle Corporation"/>
    <property name="java.vm.version" value="22.0.1+8-16"/>
    <property name="sun.io.unicode.encoding" value="UnicodeLittle"/>
    <property name="java.class.version" value="66.0"/>
  </properties>
  <testcase name="testMovimientosTorrre" classname="modelo.TableroTest" time="0.065">
    <system-out><![CDATA[[4,5]
[4,6]
[4,7]
[5,4]
[6,4]
[7,4]
[4,3]
[4,2]
[4,1]
[4,0]
[3,4]
[2,4]
[1,4]
[0,4]
]]></system-out>
  </testcase>
  <testcase name="testMovimientosPeonBlancoAtaque" classname="modelo.TableroTest" time="0.003">
    <system-out><![CDATA[[5,5]
[3,5]

]]></system-out>
  </testcase>
  <testcase name="testMovimientosPeonNegroAtaque" classname="modelo.TableroTest" time="0.005">
    <system-out><![CDATA[[5,3]
[3,3]

]]></system-out>
  </testcase>
  <testcase name="testMovimientosAlfilAtaque" classname="modelo.TableroTest" time="0.016">
    <system-out><![CDATA[[5,5]
[3,3]
[__,__,__,__,__,__,__,__]
[__,__,__,__,__,__,__,__]
[__,__,__,__,__,__,__,__]
[__,__,__,2P,__,__,__,__]
[__,__,__,__,1A,__,__,__]
[__,__,__,__,__,2P,__,__]
[__,__,__,__,__,__,__,__]
[__,__,__,__,__,__,__,__]

]]></system-out>
  </testcase>
  <testcase name="testMovimientosAlfil" classname="modelo.TableroTest" time="0.004">
    <system-out><![CDATA[[5,5]
[6,6]
[7,7]
[3,5]
[2,6]
[1,7]
[5,3]
[6,2]
[7,1]
[3,3]
[2,2]
[1,1]
[0,0]
13
]]></system-out>
  </testcase>
  <testcase name="testMovimientosReina" classname="modelo.TableroTest" time="0.004">
    <system-out><![CDATA[[4,5]
[4,6]
[4,7]
[5,4]
[6,4]
[7,4]
[4,3]
[4,2]
[4,1]
[4,0]
[3,4]
[2,4]
[1,4]
[0,4]
[5,5]
[6,6]
[7,7]
[3,5]
[2,6]
[1,7]
[5,3]
[6,2]
[7,1]
[3,3]
[2,2]
[1,1]
[0,0]
]]></system-out>
  </testcase>
  <testcase name="testMovimientosTorrreAtaque" classname="modelo.TableroTest" time="0.004">
    <system-out><![CDATA[[4,5]
[5,4]
[__,__,__,__,__,__,__,__]
[__,__,__,__,__,__,__,__]
[__,__,__,__,__,__,__,__]
[__,__,__,__,__,__,__,__]
[__,__,__,__,1T,2P,__,__]
[__,__,__,__,2P,__,__,__]
[__,__,__,__,__,__,__,__]
[__,__,__,__,__,__,__,__]

]]></system-out>
  </testcase>
  <testcase name="testMovimientosPeonBlanco" classname="modelo.TableroTest" time="0.003">
    <system-out><![CDATA[[1,2]
[1,3]

]]></system-out>
  </testcase>
  <testcase name="testMovimientosCaballoAtaque" classname="modelo.TableroTest" time="0.004">
    <system-out><![CDATA[[6,5]
[2,5]
[__,__,__,__,__,__,__,__]
[__,__,__,__,__,__,__,__]
[__,__,__,__,__,__,__,__]
[__,__,__,__,__,__,__,__]
[__,__,__,__,1C,__,__,__]
[__,__,2P,__,__,__,2P,__]
[__,__,__,__,__,__,__,__]
[__,__,__,__,__,__,__,__]

]]></system-out>
  </testcase>
  <testcase name="testMovimientosRey" classname="modelo.TableroTest" time="0.003">
    <system-out><![CDATA[[4,5]
[3,4]
[4,3]
[5,4]
[5,3]
[5,5]
[3,3]
[3,5]
]]></system-out>
  </testcase>
  <testcase name="testMovimientosCaballo" classname="modelo.TableroTest" time="0.005">
    <system-out><![CDATA[[5,6]
[3,6]
[5,2]
[3,2]
[6,5]
[2,5]
[6,3]
[2,3]
]]></system-out>
  </testcase>
  <testcase name="testMovimientosReyAtaque" classname="modelo.TableroTest" time="0.003">
    <system-out><![CDATA[[4,5]
[5,4]
[__,__,__,__,__,__,__,__]
[__,__,__,__,__,__,__,__]
[__,__,__,__,__,__,__,__]
[__,__,__,__,__,__,__,__]
[__,__,__,__,1R,2P,__,__]
[__,__,__,__,2P,__,__,__]
[__,__,__,__,__,__,__,__]
[__,__,__,__,__,__,__,__]

]]></system-out>
  </testcase>
  <testcase name="testMovimientosPeonNegro" classname="modelo.TableroTest" time="0.002">
    <system-out><![CDATA[[3,5]
[3,4]
]]></system-out>
  </testcase>
  <testcase name="testMovimientosReinaAtaque" classname="modelo.TableroTest" time="0.004">
    <system-out><![CDATA[[3,1]
[3,2]
[3,3]
[3,4]
[3,5]
[3,6]
[3,7]
[2,0]
[1,0]
[0,0]
[4,1]
[5,2]
[6,3]
[7,4]
[2,1]
[1,2]
[0,3]
[__,__,__,1Q,1R,__,__,__]
[__,__,__,__,__,__,__,__]
[__,__,__,__,__,__,__,__]
[__,__,__,__,__,__,__,__]
[__,__,__,__,__,__,__,__]
[__,__,__,__,__,__,__,__]
[__,__,__,__,__,__,__,__]
[__,__,__,__,__,__,__,__]

]]></system-out>
  </testcase>
</testsuite>